0 info it worked if it ends with ok
1 verbose cli [ 'C:\\Program Files\\nodejs\\node.exe',
1 verbose cli   'C:\\Users\\sameer.alibhai\\AppData\\Roaming\\npm\\node_modules\\npm\\bin\\npm-cli.js',
1 verbose cli   'install' ]
2 info using npm@3.10.2
3 info using node@v4.4.7
4 silly loadCurrentTree Starting
5 silly install loadCurrentTree
6 silly install readLocalPackageData
7 silly install normalizeTree
8 silly loadCurrentTree Finishing
9 silly loadIdealTree Starting
10 silly install loadIdealTree
11 silly cloneCurrentTree Starting
12 silly install cloneCurrentTreeToIdealTree
13 silly cloneCurrentTree Finishing
14 silly loadShrinkwrap Starting
15 silly install loadShrinkwrap
16 silly loadShrinkwrap Finishing
17 silly loadAllDepsIntoIdealTree Starting
18 silly install loadAllDepsIntoIdealTree
19 silly fetchNamedPackageData fsevents
20 silly mapToRegistry name fsevents
21 silly mapToRegistry using default registry
22 silly mapToRegistry registry https://registry.npmjs.org/
23 silly mapToRegistry data Result {
23 silly mapToRegistry   raw: 'fsevents',
23 silly mapToRegistry   scope: null,
23 silly mapToRegistry   escapedName: 'fsevents',
23 silly mapToRegistry   name: 'fsevents',
23 silly mapToRegistry   rawSpec: '',
23 silly mapToRegistry   spec: 'latest',
23 silly mapToRegistry   type: 'tag' }
24 silly mapToRegistry uri https://registry.npmjs.org/fsevents
25 verbose request uri https://registry.npmjs.org/fsevents
26 verbose request no auth needed
27 info attempt registry request try #1 at 10:47:29 AM
28 verbose request id ece69b2955a3b488
29 verbose etag "1QUQVXJX81R6H9MW4OZDK8QZY"
30 http request GET https://registry.npmjs.org/fsevents
31 http 304 https://registry.npmjs.org/fsevents
32 verbose headers { date: 'Thu, 30 Jun 2016 14:47:29 GMT',
32 verbose headers   via: '1.1 varnish',
32 verbose headers   'cache-control': 'max-age=300',
32 verbose headers   etag: '"1QUQVXJX81R6H9MW4OZDK8QZY"',
32 verbose headers   age: '119',
32 verbose headers   connection: 'keep-alive',
32 verbose headers   'x-served-by': 'cache-jfk1025-JFK',
32 verbose headers   'x-cache': 'HIT',
32 verbose headers   'x-cache-hits': '6',
32 verbose headers   'x-timer': 'S1467298049.780322,VS0,VE0',
32 verbose headers   vary: 'Accept-Encoding' }
33 silly get cb [ 304,
33 silly get   { date: 'Thu, 30 Jun 2016 14:47:29 GMT',
33 silly get     via: '1.1 varnish',
33 silly get     'cache-control': 'max-age=300',
33 silly get     etag: '"1QUQVXJX81R6H9MW4OZDK8QZY"',
33 silly get     age: '119',
33 silly get     connection: 'keep-alive',
33 silly get     'x-served-by': 'cache-jfk1025-JFK',
33 silly get     'x-cache': 'HIT',
33 silly get     'x-cache-hits': '6',
33 silly get     'x-timer': 'S1467298049.780322,VS0,VE0',
33 silly get     vary: 'Accept-Encoding' } ]
34 verbose etag https://registry.npmjs.org/fsevents from cache
35 verbose get saving fsevents to C:\Users\sameer.alibhai\AppData\Roaming\npm-cache\registry.npmjs.org\fsevents\.cache.json
36 verbose correctMkdir C:\Users\sameer.alibhai\AppData\Roaming\npm-cache correctMkdir not in flight; initializing
37 silly resolveWithNewModule fsevents@1.0.12 checking installable status
38 silly loadAllDepsIntoIdealTree Finishing
39 silly loadIdealTree Finishing
40 silly currentTree angular-news-app@1.0.0
40 silly currentTree +-- @angular/common@2.0.0-rc.3
40 silly currentTree +-- @angular/compiler@2.0.0-rc.3
40 silly currentTree +-- @angular/core@2.0.0-rc.3
40 silly currentTree +-- @angular/http@2.0.0-rc.3
40 silly currentTree +-- @angular/platform-browser-dynamic@2.0.0-rc.3
40 silly currentTree +-- @angular/platform-browser@2.0.0-rc.3
40 silly currentTree +-- @angular/router@3.0.0-alpha.8
40 silly currentTree +-- abbrev@1.0.9
40 silly currentTree +-- accepts@1.3.3
40 silly currentTree +-- adm-zip@0.4.7
40 silly currentTree +-- agent-base@2.0.1
40 silly currentTree | `-- semver@5.0.3
40 silly currentTree +-- amdefine@1.0.0
40 silly currentTree +-- ansi-align@1.1.0
40 silly currentTree +-- ansi-regex@2.0.0
40 silly currentTree +-- ansi-styles@2.2.1
40 silly currentTree +-- any-promise@1.3.0
40 silly currentTree +-- anymatch@1.3.0
40 silly currentTree +-- archy@1.0.0
40 silly currentTree +-- arr-diff@2.0.0
40 silly currentTree +-- arr-flatten@1.0.1
40 silly currentTree +-- array-differ@1.0.0
40 silly currentTree +-- array-find-index@1.0.1
40 silly currentTree +-- array-flatten@1.1.1
40 silly currentTree +-- array-uniq@1.0.3
40 silly currentTree +-- array-unique@0.2.1
40 silly currentTree +-- arrify@1.0.1
40 silly currentTree +-- asap@2.0.4
40 silly currentTree +-- asn1@0.2.3
40 silly currentTree +-- assert-plus@0.2.0
40 silly currentTree +-- async-each@1.0.0
40 silly currentTree +-- async@1.5.2
40 silly currentTree +-- aws-sign2@0.6.0
40 silly currentTree +-- aws4@1.4.1
40 silly currentTree +-- balanced-match@0.4.1
40 silly currentTree +-- batch@0.5.3
40 silly currentTree +-- beeper@1.1.0
40 silly currentTree +-- binary-extensions@1.5.0
40 silly currentTree +-- bl@1.1.2
40 silly currentTree | `-- readable-stream@2.0.6
40 silly currentTree +-- bluebird@2.9.6
40 silly currentTree +-- body-parser@1.8.4
40 silly currentTree | +-- depd@0.4.5
40 silly currentTree | +-- ee-first@1.0.5
40 silly currentTree | +-- mime-db@1.12.0
40 silly currentTree | +-- mime-types@2.0.14
40 silly currentTree | +-- on-finished@2.1.0
40 silly currentTree | +-- qs@2.2.4
40 silly currentTree | `-- type-is@1.5.7
40 silly currentTree +-- boom@2.10.1
40 silly currentTree +-- bootstrap@3.3.6
40 silly currentTree +-- boxen@0.6.0
40 silly currentTree | `-- object-assign@4.1.0
40 silly currentTree +-- brace-expansion@1.1.5
40 silly currentTree +-- braces@1.8.5
40 silly currentTree +-- buffer-shims@1.0.0
40 silly currentTree +-- builtin-modules@1.1.1
40 silly currentTree +-- byline@4.2.1
40 silly currentTree +-- bytes@1.0.0
40 silly currentTree +-- camelcase-keys@2.1.0
40 silly currentTree +-- camelcase@2.1.1
40 silly currentTree +-- canonical-path@0.0.2
40 silly currentTree +-- capture-stack-trace@1.0.0
40 silly currentTree +-- caseless@0.11.0
40 silly currentTree +-- chalk@1.1.3
40 silly currentTree +-- chokidar@1.6.0
40 silly currentTree +-- cli-boxes@1.0.0
40 silly currentTree +-- clone-stats@0.0.1
40 silly currentTree +-- clone@1.0.2
40 silly currentTree +-- code-point-at@1.0.0
40 silly currentTree +-- colors@1.1.2
40 silly currentTree +-- columnify@1.5.4
40 silly currentTree +-- combined-stream@1.0.5
40 silly currentTree +-- commander@2.9.0
40 silly currentTree +-- concat-map@0.0.1
40 silly currentTree +-- concat-stream@1.5.1
40 silly currentTree | `-- readable-stream@2.0.6
40 silly currentTree +-- concurrently@2.1.0
40 silly currentTree | +-- ansi-regex@0.2.1
40 silly currentTree | +-- ansi-styles@1.1.0
40 silly currentTree | +-- chalk@0.5.1
40 silly currentTree | +-- commander@2.6.0
40 silly currentTree | +-- has-ansi@0.1.0
40 silly currentTree | +-- strip-ansi@0.3.0
40 silly currentTree | `-- supports-color@0.2.0
40 silly currentTree +-- configstore@1.4.0
40 silly currentTree | `-- object-assign@4.1.0
40 silly currentTree +-- connect-livereload@0.4.1
40 silly currentTree +-- connect@3.4.1
40 silly currentTree | `-- finalhandler@0.4.1
40 silly currentTree +-- content-disposition@0.5.1
40 silly currentTree +-- content-type@1.0.2
40 silly currentTree +-- cookie-signature@1.0.6
40 silly currentTree +-- cookie@0.3.1
40 silly currentTree +-- core-util-is@1.0.2
40 silly currentTree +-- create-error-class@3.0.2
40 silly currentTree +-- cross-spawn@0.2.9
40 silly currentTree +-- cryptiles@2.0.5
40 silly currentTree +-- currently-unhandled@0.4.1
40 silly currentTree +-- dashdash@1.14.0
40 silly currentTree | `-- assert-plus@1.0.0
40 silly currentTree +-- dateformat@1.0.12
40 silly currentTree +-- debug@2.2.0
40 silly currentTree +-- decamelize@1.2.0
40 silly currentTree +-- deep-extend@0.4.1
40 silly currentTree +-- defaults@1.0.3
40 silly currentTree +-- delayed-stream@1.0.0
40 silly currentTree +-- depd@1.1.0
40 silly currentTree +-- deprecated@0.0.1
40 silly currentTree +-- destroy@1.0.4
40 silly currentTree +-- detect-indent@4.0.0
40 silly currentTree +-- diff@2.2.3
40 silly currentTree +-- dom-serializer@0.1.0
40 silly currentTree | `-- domelementtype@1.1.3
40 silly currentTree +-- domelementtype@1.3.0
40 silly currentTree +-- domhandler@2.3.0
40 silly currentTree +-- domutils@1.5.1
40 silly currentTree +-- dot-prop@2.4.0
40 silly currentTree +-- duplexer@0.1.1
40 silly currentTree +-- duplexer2@0.0.2
40 silly currentTree | +-- isarray@0.0.1
40 silly currentTree | `-- readable-stream@1.1.14
40 silly currentTree +-- duplexify@3.4.3
40 silly currentTree | `-- end-of-stream@1.0.0
40 silly currentTree +-- ecc-jsbn@0.1.1
40 silly currentTree +-- ee-first@1.1.1
40 silly currentTree +-- encodeurl@1.0.1
40 silly currentTree +-- end-of-stream@0.1.5
40 silly currentTree +-- entities@1.1.1
40 silly currentTree +-- error-ex@1.3.0
40 silly currentTree +-- es6-promise@3.2.1
40 silly currentTree +-- es6-shim@0.35.1
40 silly currentTree +-- escape-html@1.0.3
40 silly currentTree +-- escape-string-regexp@1.0.5
40 silly currentTree +-- etag@1.7.0
40 silly currentTree +-- event-stream@3.3.3
40 silly currentTree +-- exit@0.1.2
40 silly currentTree +-- expand-brackets@0.1.5
40 silly currentTree +-- expand-range@1.8.2
40 silly currentTree +-- express@4.14.0
40 silly currentTree +-- extend@3.0.0
40 silly currentTree +-- extglob@0.3.2
40 silly currentTree +-- extsprintf@1.0.2
40 silly currentTree +-- fancy-log@1.2.0
40 silly currentTree +-- faye-websocket@0.7.3
40 silly currentTree +-- filename-regex@2.0.0
40 silly currentTree +-- fill-range@2.2.3
40 silly currentTree +-- filled-array@1.1.0
40 silly currentTree +-- finalhandler@0.5.0
40 silly currentTree +-- find-index@0.1.1
40 silly currentTree +-- find-up@1.1.2
40 silly currentTree +-- findup-sync@0.3.0
40 silly currentTree +-- first-chunk-stream@1.0.0
40 silly currentTree +-- flagged-respawn@0.3.2
40 silly currentTree +-- for-in@0.1.5
40 silly currentTree +-- for-own@0.1.4
40 silly currentTree +-- forever-agent@0.6.1
40 silly currentTree +-- form-data@1.0.0-rc4
40 silly currentTree +-- forwarded@0.1.0
40 silly currentTree +-- fresh@0.3.0
40 silly currentTree +-- from@0.1.3
40 silly currentTree +-- fs.realpath@1.0.0
40 silly currentTree +-- function-bind@1.1.0
40 silly currentTree +-- gaze@0.5.2
40 silly currentTree +-- generate-function@2.0.0
40 silly currentTree +-- generate-object-property@1.2.0
40 silly currentTree +-- get-stdin@4.0.1
40 silly currentTree +-- getpass@0.1.6
40 silly currentTree | `-- assert-plus@1.0.0
40 silly currentTree +-- glob-base@0.3.0
40 silly currentTree +-- glob-parent@2.0.0
40 silly currentTree +-- glob-stream@3.1.18
40 silly currentTree | +-- glob@4.5.3
40 silly currentTree | +-- isarray@0.0.1
40 silly currentTree | +-- minimatch@2.0.10
40 silly currentTree | +-- readable-stream@1.0.34
40 silly currentTree | `-- through2@0.6.5
40 silly currentTree +-- glob-watcher@0.0.6
40 silly currentTree +-- glob@5.0.15
40 silly currentTree +-- glob2base@0.0.12
40 silly currentTree +-- globule@0.1.0
40 silly currentTree | +-- glob@3.1.21
40 silly currentTree | +-- graceful-fs@1.2.3
40 silly currentTree | +-- inherits@1.0.2
40 silly currentTree | +-- lodash@1.0.2
40 silly currentTree | `-- minimatch@0.2.14
40 silly currentTree +-- glogg@1.0.0
40 silly currentTree +-- got@3.3.1
40 silly currentTree +-- graceful-fs@4.1.4
40 silly currentTree +-- graceful-readlink@1.0.1
40 silly currentTree +-- gulp-rename@1.2.2
40 silly currentTree +-- gulp-traceur@0.17.2
40 silly currentTree | `-- object-assign@4.1.0
40 silly currentTree +-- gulp-tsc@1.1.5
40 silly currentTree | +-- clone@0.2.0
40 silly currentTree | +-- glob-stream@4.1.1
40 silly currentTree | | `-- through2@0.6.5
40 silly currentTree | +-- glob-watcher@0.0.8
40 silly currentTree | +-- glob@4.5.3
40 silly currentTree | +-- graceful-fs@3.0.8
40 silly currentTree | +-- isarray@0.0.1
40 silly currentTree | +-- lodash@3.10.1
40 silly currentTree | +-- minimatch@2.0.10
40 silly currentTree | +-- object-assign@2.1.1
40 silly currentTree | +-- readable-stream@1.0.34
40 silly currentTree | +-- strip-bom@1.0.0
40 silly currentTree | +-- unique-stream@2.2.1
40 silly currentTree | +-- vinyl-fs@1.0.0
40 silly currentTree | | `-- through2@0.6.5
40 silly currentTree | `-- vinyl@0.4.6
40 silly currentTree +-- gulp-util@3.0.7
40 silly currentTree +-- gulp-webserver@0.9.1
40 silly currentTree | +-- ansi-regex@0.2.1
40 silly currentTree | +-- ansi-styles@1.1.0
40 silly currentTree | +-- chalk@0.5.1
40 silly currentTree | +-- gulp-util@2.2.20
40 silly currentTree | +-- has-ansi@0.1.0
40 silly currentTree | +-- isarray@0.0.1
40 silly currentTree | +-- lodash._reinterpolate@2.4.1
40 silly currentTree | +-- lodash.escape@2.4.1
40 silly currentTree | +-- lodash.keys@2.4.1
40 silly currentTree | +-- lodash.template@2.4.1
40 silly currentTree | +-- lodash.templatesettings@2.4.1
40 silly currentTree | +-- minimist@0.2.0
40 silly currentTree | +-- readable-stream@1.0.34
40 silly currentTree | +-- strip-ansi@0.3.0
40 silly currentTree | +-- supports-color@0.2.0
40 silly currentTree | +-- through2@0.5.1
40 silly currentTree | +-- vinyl@0.2.3
40 silly currentTree | `-- xtend@3.0.0
40 silly currentTree +-- gulp@3.9.1
40 silly currentTree +-- gulplog@1.0.0
40 silly currentTree +-- har-validator@2.0.6
40 silly currentTree +-- has-ansi@2.0.0
40 silly currentTree +-- has-gulplog@0.1.0
40 silly currentTree +-- has@1.0.1
40 silly currentTree +-- hawk@3.1.3
40 silly currentTree +-- hoek@2.16.3
40 silly currentTree +-- hosted-git-info@2.1.5
40 silly currentTree +-- htmlparser2@3.9.1
40 silly currentTree +-- http-errors@1.5.0
40 silly currentTree +-- http-proxy-agent@1.0.0
40 silly currentTree +-- http-signature@1.1.1
40 silly currentTree +-- https-proxy-agent@1.0.0
40 silly currentTree +-- iconv-lite@0.4.4
40 silly currentTree +-- ignore-by-default@1.0.1
40 silly currentTree +-- imurmurhash@0.1.4
40 silly currentTree +-- indent-string@2.1.0
40 silly currentTree +-- infinity-agent@2.0.3
40 silly currentTree +-- inflight@1.0.5
40 silly currentTree +-- inherits@2.0.1
40 silly currentTree +-- ini@1.3.4
40 silly currentTree +-- interpret@1.0.1
40 silly currentTree +-- invariant@2.2.1
40 silly currentTree +-- ipaddr.js@1.1.1
40 silly currentTree +-- is-absolute@0.2.5
40 silly currentTree +-- is-arrayish@0.2.1
40 silly currentTree +-- is-binary-path@1.0.1
40 silly currentTree +-- is-buffer@1.1.3
40 silly currentTree +-- is-builtin-module@1.0.0
40 silly currentTree +-- is-dotfile@1.0.2
40 silly currentTree +-- is-equal-shallow@0.1.3
40 silly currentTree +-- is-extendable@0.1.1
40 silly currentTree +-- is-extglob@1.0.0
40 silly currentTree +-- is-finite@1.0.1
40 silly currentTree +-- is-fullwidth-code-point@1.0.0
40 silly currentTree +-- is-glob@2.0.1
40 silly currentTree +-- is-my-json-valid@2.13.1
40 silly currentTree +-- is-npm@1.0.0
40 silly currentTree +-- is-number@2.1.0
40 silly currentTree +-- is-obj@1.0.1
40 silly currentTree +-- is-plain-obj@1.1.0
40 silly currentTree +-- is-posix-bracket@0.1.1
40 silly currentTree +-- is-primitive@2.0.0
40 silly currentTree +-- is-property@1.0.2
40 silly currentTree +-- is-redirect@1.0.0
40 silly currentTree +-- is-relative@0.2.1
40 silly currentTree +-- is-retry-allowed@1.0.0
40 silly currentTree +-- is-stream@1.1.0
40 silly currentTree +-- is-typedarray@1.0.0
40 silly currentTree +-- is-unc-path@0.1.1
40 silly currentTree +-- is-utf8@0.2.1
40 silly currentTree +-- is-windows@0.1.1
40 silly currentTree +-- is@3.1.0
40 silly currentTree +-- isarray@1.0.0
40 silly currentTree +-- isexe@1.1.2
40 silly currentTree +-- isobject@2.1.0
40 silly currentTree +-- isstream@0.1.2
40 silly currentTree +-- jasmine-core@2.4.1
40 silly currentTree +-- jasmine@2.4.1
40 silly currentTree | +-- glob@3.2.11
40 silly currentTree | `-- minimatch@0.3.0
40 silly currentTree +-- jasminewd2@0.0.9
40 silly currentTree +-- jodid25519@1.0.2
40 silly currentTree +-- js-tokens@1.0.3
40 silly currentTree +-- jsbn@0.1.0
40 silly currentTree +-- json-schema@0.2.2
40 silly currentTree +-- json-stable-stringify@1.0.1
40 silly currentTree +-- json-stringify-safe@5.0.1
40 silly currentTree +-- jsonify@0.0.0
40 silly currentTree +-- jsonpointer@2.0.0
40 silly currentTree +-- jsprim@1.3.0
40 silly currentTree +-- kind-of@3.0.3
40 silly currentTree +-- latest-version@1.0.1
40 silly currentTree +-- lazy-req@1.1.0
40 silly currentTree +-- liftoff@2.2.4
40 silly currentTree +-- listify@1.0.0
40 silly currentTree +-- load-json-file@1.1.0
40 silly currentTree +-- lockfile@1.0.1
40 silly currentTree +-- lodash._baseassign@3.2.0
40 silly currentTree +-- lodash._basecopy@3.0.1
40 silly currentTree +-- lodash._basetostring@3.0.1
40 silly currentTree +-- lodash._basevalues@3.0.0
40 silly currentTree +-- lodash._bindcallback@3.0.1
40 silly currentTree +-- lodash._createassigner@3.1.1
40 silly currentTree +-- lodash._escapehtmlchar@2.4.1
40 silly currentTree +-- lodash._escapestringchar@2.4.1
40 silly currentTree +-- lodash._getnative@3.9.1
40 silly currentTree +-- lodash._htmlescapes@2.4.1
40 silly currentTree +-- lodash._isiterateecall@3.0.9
40 silly currentTree +-- lodash._isnative@2.4.1
40 silly currentTree +-- lodash._objecttypes@2.4.1
40 silly currentTree +-- lodash._reescape@3.0.0
40 silly currentTree +-- lodash._reevaluate@3.0.0
40 silly currentTree +-- lodash._reinterpolate@3.0.0
40 silly currentTree +-- lodash._reunescapedhtml@2.4.1
40 silly currentTree | `-- lodash.keys@2.4.1
40 silly currentTree +-- lodash._root@3.0.1
40 silly currentTree +-- lodash._shimkeys@2.4.1
40 silly currentTree +-- lodash.assign@3.2.0
40 silly currentTree +-- lodash.defaults@2.4.1
40 silly currentTree | `-- lodash.keys@2.4.1
40 silly currentTree +-- lodash.escape@3.2.0
40 silly currentTree +-- lodash.isarguments@3.0.8
40 silly currentTree +-- lodash.isarray@3.0.4
40 silly currentTree +-- lodash.isobject@2.4.1
40 silly currentTree +-- lodash.keys@3.1.2
40 silly currentTree +-- lodash.restparam@3.6.1
40 silly currentTree +-- lodash.template@3.6.2
40 silly currentTree +-- lodash.templatesettings@3.1.1
40 silly currentTree +-- lodash.values@2.4.1
40 silly currentTree | `-- lodash.keys@2.4.1
40 silly currentTree +-- lodash@4.13.1
40 silly currentTree +-- loose-envify@1.2.0
40 silly currentTree +-- loud-rejection@1.5.0
40 silly currentTree +-- lowercase-keys@1.0.0
40 silly currentTree +-- lru-cache@2.7.3
40 silly currentTree +-- make-error-cause@1.1.1
40 silly currentTree +-- make-error@1.1.1
40 silly currentTree +-- map-obj@1.0.1
40 silly currentTree +-- map-stream@0.1.0
40 silly currentTree +-- media-typer@0.3.0
40 silly currentTree +-- meow@3.7.0
40 silly currentTree | `-- object-assign@4.1.0
40 silly currentTree +-- merge-descriptors@1.0.1
40 silly currentTree +-- merge-stream@0.1.8
40 silly currentTree | +-- isarray@0.0.1
40 silly currentTree | +-- readable-stream@1.0.34
40 silly currentTree | `-- through2@0.6.5
40 silly currentTree +-- methods@1.1.2
40 silly currentTree +-- micromatch@2.3.10
40 silly currentTree +-- mime-db@1.23.0
40 silly currentTree +-- mime-types@2.1.11
40 silly currentTree +-- mime@1.3.4
40 silly currentTree +-- minimatch@3.0.2
40 silly currentTree +-- minimist@1.2.0
40 silly currentTree +-- mkdirp@0.5.1
40 silly currentTree | `-- minimist@0.0.8
40 silly currentTree +-- moment@2.13.0
40 silly currentTree +-- ms@0.7.1
40 silly currentTree +-- multipipe@0.1.2
40 silly currentTree +-- negotiator@0.6.1
40 silly currentTree +-- nested-error-stacks@1.0.2
40 silly currentTree +-- node-status-codes@1.0.0
40 silly currentTree +-- node-uuid@1.4.7
40 silly currentTree +-- node.extend@1.1.5
40 silly currentTree +-- nodemon@1.9.2
40 silly currentTree | `-- lodash.defaults@3.1.2
40 silly currentTree +-- nopt@1.0.10
40 silly currentTree +-- normalize-package-data@2.3.5
40 silly currentTree +-- normalize-path@2.0.1
40 silly currentTree +-- number-is-nan@1.0.0
40 silly currentTree +-- oauth-sign@0.8.2
40 silly currentTree +-- object-assign@3.0.0
40 silly currentTree +-- object.omit@2.0.0
40 silly currentTree +-- object.pick@1.1.2
40 silly currentTree +-- on-finished@2.3.0
40 silly currentTree +-- once@1.3.3
40 silly currentTree +-- open@0.0.5
40 silly currentTree +-- optimist@0.6.1
40 silly currentTree | `-- minimist@0.0.10
40 silly currentTree +-- options@0.0.6
40 silly currentTree +-- orchestrator@0.3.7
40 silly currentTree +-- ordered-read-streams@0.1.0
40 silly currentTree +-- os-homedir@1.0.1
40 silly currentTree +-- os-tmpdir@1.0.1
40 silly currentTree +-- osenv@0.1.3
40 silly currentTree +-- package-json@1.2.0
40 silly currentTree +-- parse-glob@3.0.4
40 silly currentTree +-- parse-json@2.2.0
40 silly currentTree +-- parseurl@1.3.1
40 silly currentTree +-- path-exists@2.1.0
40 silly currentTree +-- path-is-absolute@1.0.0
40 silly currentTree +-- path-to-regexp@0.1.7
40 silly currentTree +-- path-type@1.1.0
40 silly currentTree +-- pause-stream@0.0.11
40 silly currentTree +-- pify@2.3.0
40 silly currentTree +-- pinkie-promise@2.0.1
40 silly currentTree +-- pinkie@2.0.4
40 silly currentTree +-- popsicle-proxy-agent@2.0.2
40 silly currentTree +-- popsicle-retry@3.2.1
40 silly currentTree +-- popsicle-status@2.0.0
40 silly currentTree +-- popsicle@6.2.1
40 silly currentTree | +-- async@0.9.2
40 silly currentTree | +-- combined-stream@0.0.7
40 silly currentTree | +-- delayed-stream@0.0.5
40 silly currentTree | +-- form-data@0.2.0
40 silly currentTree | +-- mime-db@1.12.0
40 silly currentTree | `-- mime-types@2.0.14
40 silly currentTree +-- prepend-http@1.0.4
40 silly currentTree +-- preserve@0.2.0
40 silly currentTree +-- pretty-hrtime@1.0.2
40 silly currentTree +-- process-nextick-args@1.0.7
40 silly currentTree +-- promise-finally@2.2.1
40 silly currentTree +-- promise@7.1.1
40 silly currentTree +-- protractor@3.3.0
40 silly currentTree | +-- bl@1.0.3
40 silly currentTree | +-- glob@6.0.4
40 silly currentTree | +-- qs@5.2.0
40 silly currentTree | +-- readable-stream@2.0.6
40 silly currentTree | +-- request@2.67.0
40 silly currentTree | `-- source-map-support@0.4.1
40 silly currentTree +-- proxy-addr@1.1.2
40 silly currentTree +-- proxy-middleware@0.5.1
40 silly currentTree +-- ps-tree@1.1.0
40 silly currentTree +-- q@1.4.1
40 silly currentTree +-- qs@6.2.0
40 silly currentTree +-- randomatic@1.1.5
40 silly currentTree +-- range-parser@1.2.0
40 silly currentTree +-- raw-body@1.3.0
40 silly currentTree +-- rc@1.1.6
40 silly currentTree +-- read-all-stream@3.1.0
40 silly currentTree +-- read-pkg-up@1.0.1
40 silly currentTree +-- read-pkg@1.1.0
40 silly currentTree +-- readable-stream@2.1.4
40 silly currentTree +-- readdirp@2.1.0
40 silly currentTree +-- rechoir@0.6.2
40 silly currentTree +-- redent@1.0.0
40 silly currentTree +-- reflect-metadata@0.1.3
40 silly currentTree +-- regex-cache@0.4.3
40 silly currentTree +-- registry-url@3.1.0
40 silly currentTree +-- repeat-element@1.1.2
40 silly currentTree +-- repeat-string@1.5.4
40 silly currentTree +-- repeating@2.0.1
40 silly currentTree +-- replace-ext@0.0.1
40 silly currentTree +-- request@2.72.0
40 silly currentTree | `-- qs@6.1.0
40 silly currentTree +-- resolve@1.1.7
40 silly currentTree +-- rimraf@2.5.2
40 silly currentTree | `-- glob@7.0.5
40 silly currentTree +-- rsvp@3.2.1
40 silly currentTree +-- rx@2.3.24
40 silly currentTree +-- rxjs@5.0.0-beta.6
40 silly currentTree +-- saucelabs@1.0.1
40 silly currentTree +-- sax@1.2.1
40 silly currentTree +-- selenium-webdriver@2.52.0
40 silly currentTree | +-- adm-zip@0.4.4
40 silly currentTree | +-- sax@0.6.1
40 silly currentTree | `-- xml2js@0.4.4
40 silly currentTree +-- semver-diff@2.1.0
40 silly currentTree | `-- semver@5.2.0
40 silly currentTree +-- semver@4.3.6
40 silly currentTree +-- send@0.14.1
40 silly currentTree +-- sequencify@0.0.7
40 silly currentTree +-- serve-index@1.8.0
40 silly currentTree +-- serve-static@1.11.1
40 silly currentTree +-- set-immediate-shim@1.0.1
40 silly currentTree +-- setprototypeof@1.0.1
40 silly currentTree +-- sigmund@1.0.1
40 silly currentTree +-- signal-exit@3.0.0
40 silly currentTree +-- slide@1.1.6
40 silly currentTree +-- sntp@1.0.9
40 silly currentTree +-- sort-keys@1.1.2
40 silly currentTree +-- source-map-support@0.2.10
40 silly currentTree +-- source-map@0.1.32
40 silly currentTree +-- sparkles@1.0.0
40 silly currentTree +-- spdx-correct@1.0.2
40 silly currentTree +-- spdx-exceptions@1.0.4
40 silly currentTree +-- spdx-expression-parse@1.0.2
40 silly currentTree +-- spdx-license-ids@1.2.1
40 silly currentTree +-- split@0.3.3
40 silly currentTree +-- sprintf-js@1.0.3
40 silly currentTree +-- sshpk@1.8.3
40 silly currentTree | `-- assert-plus@1.0.0
40 silly currentTree +-- statuses@1.3.0
40 silly currentTree +-- stream-combiner@0.0.4
40 silly currentTree +-- stream-consume@0.1.0
40 silly currentTree +-- string_decoder@0.10.31
40 silly currentTree +-- string-length@1.0.1
40 silly currentTree +-- string-template@1.0.0
40 silly currentTree +-- string-width@1.0.1
40 silly currentTree +-- stringstream@0.0.5
40 silly currentTree +-- strip-ansi@3.0.1
40 silly currentTree +-- strip-bom@2.0.0
40 silly currentTree +-- strip-indent@1.0.1
40 silly currentTree +-- strip-json-comments@1.0.4
40 silly currentTree +-- supports-color@2.0.0
40 silly currentTree +-- systemjs@0.19.31
40 silly currentTree +-- temp@0.8.3
40 silly currentTree | `-- rimraf@2.2.8
40 silly currentTree +-- thenify@3.2.0
40 silly currentTree +-- throat@3.0.0
40 silly currentTree +-- through@2.3.8
40 silly currentTree +-- through2-filter@2.0.0
40 silly currentTree +-- through2@2.0.1
40 silly currentTree | `-- readable-stream@2.0.6
40 silly currentTree +-- throwback@1.1.1
40 silly currentTree +-- tildify@1.2.0
40 silly currentTree +-- time-stamp@1.0.1
40 silly currentTree +-- timed-out@2.0.0
40 silly currentTree +-- tiny-lr@0.1.4
40 silly currentTree | +-- debug@0.8.1
40 silly currentTree | `-- qs@2.2.5
40 silly currentTree +-- tmp@0.0.24
40 silly currentTree +-- touch@1.0.0
40 silly currentTree +-- tough-cookie@2.2.2
40 silly currentTree +-- traceur@0.0.111
40 silly currentTree +-- trim-newlines@1.0.0
40 silly currentTree +-- tslint@3.12.1
40 silly currentTree | `-- glob@7.0.5
40 silly currentTree +-- tunnel-agent@0.4.3
40 silly currentTree +-- tweetnacl@0.13.3
40 silly currentTree +-- type-is@1.6.13
40 silly currentTree +-- typedarray@0.0.6
40 silly currentTree +-- typescript@1.8.10
40 silly currentTree +-- typings-core@1.3.0
40 silly currentTree | +-- configstore@2.0.0
40 silly currentTree | +-- object-assign@4.1.0
40 silly currentTree | `-- typescript@1.8.7
40 silly currentTree +-- typings@1.3.1
40 silly currentTree | +-- bluebird@3.4.1
40 silly currentTree | +-- configstore@2.0.0
40 silly currentTree | +-- duplexer2@0.1.4
40 silly currentTree | +-- got@5.6.0
40 silly currentTree | +-- latest-version@2.0.0
40 silly currentTree | +-- object-assign@4.1.0
40 silly currentTree | +-- package-json@2.3.2
40 silly currentTree | +-- semver@5.2.0
40 silly currentTree | +-- update-notifier@1.0.2
40 silly currentTree | `-- wordwrap@1.0.0
40 silly currentTree +-- ultron@1.0.2
40 silly currentTree +-- unc-path-regex@0.1.2
40 silly currentTree +-- undefsafe@0.0.3
40 silly currentTree +-- underscore.string@3.3.4
40 silly currentTree +-- unique-stream@1.0.0
40 silly currentTree +-- unpipe@1.0.0
40 silly currentTree +-- unzip-response@1.0.0
40 silly currentTree +-- update-notifier@0.5.0
40 silly currentTree | `-- repeating@1.1.3
40 silly currentTree +-- url-parse-lax@1.0.0
40 silly currentTree +-- user-home@1.1.1
40 silly currentTree +-- util-deprecate@1.0.2
40 silly currentTree +-- utils-merge@1.0.0
40 silly currentTree +-- uuid@2.0.2
40 silly currentTree +-- v8flags@2.0.11
40 silly currentTree +-- validate-npm-package-license@3.0.1
40 silly currentTree +-- vary@1.1.0
40 silly currentTree +-- verror@1.3.6
40 silly currentTree +-- vinyl-fs@0.3.14
40 silly currentTree | +-- clone@0.2.0
40 silly currentTree | +-- graceful-fs@3.0.8
40 silly currentTree | +-- isarray@0.0.1
40 silly currentTree | +-- readable-stream@1.0.34
40 silly currentTree | +-- strip-bom@1.0.0
40 silly currentTree | +-- through2@0.6.5
40 silly currentTree | `-- vinyl@0.4.6
40 silly currentTree +-- vinyl-sourcemaps-apply@0.2.1
40 silly currentTree | `-- source-map@0.5.6
40 silly currentTree +-- vinyl@0.5.3
40 silly currentTree +-- watch@0.11.0
40 silly currentTree +-- wcwidth@1.0.1
40 silly currentTree +-- websocket-driver@0.6.5
40 silly currentTree +-- websocket-extensions@0.1.1
40 silly currentTree +-- when@3.7.7
40 silly currentTree +-- which@1.2.10
40 silly currentTree +-- widest-line@1.0.0
40 silly currentTree +-- wordwrap@0.0.3
40 silly currentTree +-- wrappy@1.0.2
40 silly currentTree +-- write-file-atomic@1.1.4
40 silly currentTree +-- ws@1.1.1
40 silly currentTree +-- xdg-basedir@2.0.0
40 silly currentTree +-- xml2js@0.4.16
40 silly currentTree +-- xmlbuilder@4.2.1
40 silly currentTree +-- xtend@4.0.1
40 silly currentTree +-- zip-object@0.1.0
40 silly currentTree `-- zone.js@0.6.12
41 silly idealTree angular-news-app@1.0.0
41 silly idealTree +-- @angular/common@2.0.0-rc.3
41 silly idealTree +-- @angular/compiler@2.0.0-rc.3
41 silly idealTree +-- @angular/core@2.0.0-rc.3
41 silly idealTree +-- @angular/http@2.0.0-rc.3
41 silly idealTree +-- @angular/platform-browser-dynamic@2.0.0-rc.3
41 silly idealTree +-- @angular/platform-browser@2.0.0-rc.3
41 silly idealTree +-- @angular/router@3.0.0-alpha.8
41 silly idealTree +-- abbrev@1.0.9
41 silly idealTree +-- accepts@1.3.3
41 silly idealTree +-- adm-zip@0.4.7
41 silly idealTree +-- agent-base@2.0.1
41 silly idealTree | `-- semver@5.0.3
41 silly idealTree +-- amdefine@1.0.0
41 silly idealTree +-- ansi-align@1.1.0
41 silly idealTree +-- ansi-regex@2.0.0
41 silly idealTree +-- ansi-styles@2.2.1
41 silly idealTree +-- any-promise@1.3.0
41 silly idealTree +-- anymatch@1.3.0
41 silly idealTree +-- archy@1.0.0
41 silly idealTree +-- arr-diff@2.0.0
41 silly idealTree +-- arr-flatten@1.0.1
41 silly idealTree +-- array-differ@1.0.0
41 silly idealTree +-- array-find-index@1.0.1
41 silly idealTree +-- array-flatten@1.1.1
41 silly idealTree +-- array-uniq@1.0.3
41 silly idealTree +-- array-unique@0.2.1
41 silly idealTree +-- arrify@1.0.1
41 silly idealTree +-- asap@2.0.4
41 silly idealTree +-- asn1@0.2.3
41 silly idealTree +-- assert-plus@0.2.0
41 silly idealTree +-- async-each@1.0.0
41 silly idealTree +-- async@1.5.2
41 silly idealTree +-- aws-sign2@0.6.0
41 silly idealTree +-- aws4@1.4.1
41 silly idealTree +-- balanced-match@0.4.1
41 silly idealTree +-- batch@0.5.3
41 silly idealTree +-- beeper@1.1.0
41 silly idealTree +-- binary-extensions@1.5.0
41 silly idealTree +-- bl@1.1.2
41 silly idealTree | `-- readable-stream@2.0.6
41 silly idealTree +-- bluebird@2.9.6
41 silly idealTree +-- body-parser@1.8.4
41 silly idealTree | +-- depd@0.4.5
41 silly idealTree | +-- ee-first@1.0.5
41 silly idealTree | +-- mime-db@1.12.0
41 silly idealTree | +-- mime-types@2.0.14
41 silly idealTree | +-- on-finished@2.1.0
41 silly idealTree | +-- qs@2.2.4
41 silly idealTree | `-- type-is@1.5.7
41 silly idealTree +-- boom@2.10.1
41 silly idealTree +-- bootstrap@3.3.6
41 silly idealTree +-- boxen@0.6.0
41 silly idealTree | `-- object-assign@4.1.0
41 silly idealTree +-- brace-expansion@1.1.5
41 silly idealTree +-- braces@1.8.5
41 silly idealTree +-- buffer-shims@1.0.0
41 silly idealTree +-- builtin-modules@1.1.1
41 silly idealTree +-- byline@4.2.1
41 silly idealTree +-- bytes@1.0.0
41 silly idealTree +-- camelcase-keys@2.1.0
41 silly idealTree +-- camelcase@2.1.1
41 silly idealTree +-- canonical-path@0.0.2
41 silly idealTree +-- capture-stack-trace@1.0.0
41 silly idealTree +-- caseless@0.11.0
41 silly idealTree +-- chalk@1.1.3
41 silly idealTree +-- chokidar@1.6.0
41 silly idealTree +-- cli-boxes@1.0.0
41 silly idealTree +-- clone-stats@0.0.1
41 silly idealTree +-- clone@1.0.2
41 silly idealTree +-- code-point-at@1.0.0
41 silly idealTree +-- colors@1.1.2
41 silly idealTree +-- columnify@1.5.4
41 silly idealTree +-- combined-stream@1.0.5
41 silly idealTree +-- commander@2.9.0
41 silly idealTree +-- concat-map@0.0.1
41 silly idealTree +-- concat-stream@1.5.1
41 silly idealTree | `-- readable-stream@2.0.6
41 silly idealTree +-- concurrently@2.1.0
41 silly idealTree | +-- ansi-regex@0.2.1
41 silly idealTree | +-- ansi-styles@1.1.0
41 silly idealTree | +-- chalk@0.5.1
41 silly idealTree | +-- commander@2.6.0
41 silly idealTree | +-- has-ansi@0.1.0
41 silly idealTree | +-- strip-ansi@0.3.0
41 silly idealTree | `-- supports-color@0.2.0
41 silly idealTree +-- configstore@1.4.0
41 silly idealTree | `-- object-assign@4.1.0
41 silly idealTree +-- connect-livereload@0.4.1
41 silly idealTree +-- connect@3.4.1
41 silly idealTree | `-- finalhandler@0.4.1
41 silly idealTree +-- content-disposition@0.5.1
41 silly idealTree +-- content-type@1.0.2
41 silly idealTree +-- cookie-signature@1.0.6
41 silly idealTree +-- cookie@0.3.1
41 silly idealTree +-- core-util-is@1.0.2
41 silly idealTree +-- create-error-class@3.0.2
41 silly idealTree +-- cross-spawn@0.2.9
41 silly idealTree +-- cryptiles@2.0.5
41 silly idealTree +-- currently-unhandled@0.4.1
41 silly idealTree +-- dashdash@1.14.0
41 silly idealTree | `-- assert-plus@1.0.0
41 silly idealTree +-- dateformat@1.0.12
41 silly idealTree +-- debug@2.2.0
41 silly idealTree +-- decamelize@1.2.0
41 silly idealTree +-- deep-extend@0.4.1
41 silly idealTree +-- defaults@1.0.3
41 silly idealTree +-- delayed-stream@1.0.0
41 silly idealTree +-- depd@1.1.0
41 silly idealTree +-- deprecated@0.0.1
41 silly idealTree +-- destroy@1.0.4
41 silly idealTree +-- detect-indent@4.0.0
41 silly idealTree +-- diff@2.2.3
41 silly idealTree +-- dom-serializer@0.1.0
41 silly idealTree | `-- domelementtype@1.1.3
41 silly idealTree +-- domelementtype@1.3.0
41 silly idealTree +-- domhandler@2.3.0
41 silly idealTree +-- domutils@1.5.1
41 silly idealTree +-- dot-prop@2.4.0
41 silly idealTree +-- duplexer@0.1.1
41 silly idealTree +-- duplexer2@0.0.2
41 silly idealTree | +-- isarray@0.0.1
41 silly idealTree | `-- readable-stream@1.1.14
41 silly idealTree +-- duplexify@3.4.3
41 silly idealTree | `-- end-of-stream@1.0.0
41 silly idealTree +-- ecc-jsbn@0.1.1
41 silly idealTree +-- ee-first@1.1.1
41 silly idealTree +-- encodeurl@1.0.1
41 silly idealTree +-- end-of-stream@0.1.5
41 silly idealTree +-- entities@1.1.1
41 silly idealTree +-- error-ex@1.3.0
41 silly idealTree +-- es6-promise@3.2.1
41 silly idealTree +-- es6-shim@0.35.1
41 silly idealTree +-- escape-html@1.0.3
41 silly idealTree +-- escape-string-regexp@1.0.5
41 silly idealTree +-- etag@1.7.0
41 silly idealTree +-- event-stream@3.3.3
41 silly idealTree +-- exit@0.1.2
41 silly idealTree +-- expand-brackets@0.1.5
41 silly idealTree +-- expand-range@1.8.2
41 silly idealTree +-- express@4.14.0
41 silly idealTree +-- extend@3.0.0
41 silly idealTree +-- extglob@0.3.2
41 silly idealTree +-- extsprintf@1.0.2
41 silly idealTree +-- fancy-log@1.2.0
41 silly idealTree +-- faye-websocket@0.7.3
41 silly idealTree +-- filename-regex@2.0.0
41 silly idealTree +-- fill-range@2.2.3
41 silly idealTree +-- filled-array@1.1.0
41 silly idealTree +-- finalhandler@0.5.0
41 silly idealTree +-- find-index@0.1.1
41 silly idealTree +-- find-up@1.1.2
41 silly idealTree +-- findup-sync@0.3.0
41 silly idealTree +-- first-chunk-stream@1.0.0
41 silly idealTree +-- flagged-respawn@0.3.2
41 silly idealTree +-- for-in@0.1.5
41 silly idealTree +-- for-own@0.1.4
41 silly idealTree +-- forever-agent@0.6.1
41 silly idealTree +-- form-data@1.0.0-rc4
41 silly idealTree +-- forwarded@0.1.0
41 silly idealTree +-- fresh@0.3.0
41 silly idealTree +-- from@0.1.3
41 silly idealTree +-- fs.realpath@1.0.0
41 silly idealTree +-- function-bind@1.1.0
41 silly idealTree +-- gaze@0.5.2
41 silly idealTree +-- generate-function@2.0.0
41 silly idealTree +-- generate-object-property@1.2.0
41 silly idealTree +-- get-stdin@4.0.1
41 silly idealTree +-- getpass@0.1.6
41 silly idealTree | `-- assert-plus@1.0.0
41 silly idealTree +-- glob-base@0.3.0
41 silly idealTree +-- glob-parent@2.0.0
41 silly idealTree +-- glob-stream@3.1.18
41 silly idealTree | +-- glob@4.5.3
41 silly idealTree | +-- isarray@0.0.1
41 silly idealTree | +-- minimatch@2.0.10
41 silly idealTree | +-- readable-stream@1.0.34
41 silly idealTree | `-- through2@0.6.5
41 silly idealTree +-- glob-watcher@0.0.6
41 silly idealTree +-- glob@5.0.15
41 silly idealTree +-- glob2base@0.0.12
41 silly idealTree +-- globule@0.1.0
41 silly idealTree | +-- glob@3.1.21
41 silly idealTree | +-- graceful-fs@1.2.3
41 silly idealTree | +-- inherits@1.0.2
41 silly idealTree | +-- lodash@1.0.2
41 silly idealTree | `-- minimatch@0.2.14
41 silly idealTree +-- glogg@1.0.0
41 silly idealTree +-- got@3.3.1
41 silly idealTree +-- graceful-fs@4.1.4
41 silly idealTree +-- graceful-readlink@1.0.1
41 silly idealTree +-- gulp-rename@1.2.2
41 silly idealTree +-- gulp-traceur@0.17.2
41 silly idealTree | `-- object-assign@4.1.0
41 silly idealTree +-- gulp-tsc@1.1.5
41 silly idealTree | +-- clone@0.2.0
41 silly idealTree | +-- glob-stream@4.1.1
41 silly idealTree | | `-- through2@0.6.5
41 silly idealTree | +-- glob-watcher@0.0.8
41 silly idealTree | +-- glob@4.5.3
41 silly idealTree | +-- graceful-fs@3.0.8
41 silly idealTree | +-- isarray@0.0.1
41 silly idealTree | +-- lodash@3.10.1
41 silly idealTree | +-- minimatch@2.0.10
41 silly idealTree | +-- object-assign@2.1.1
41 silly idealTree | +-- readable-stream@1.0.34
41 silly idealTree | +-- strip-bom@1.0.0
41 silly idealTree | +-- unique-stream@2.2.1
41 silly idealTree | +-- vinyl-fs@1.0.0
41 silly idealTree | | `-- through2@0.6.5
41 silly idealTree | `-- vinyl@0.4.6
41 silly idealTree +-- gulp-util@3.0.7
41 silly idealTree +-- gulp-webserver@0.9.1
41 silly idealTree | +-- ansi-regex@0.2.1
41 silly idealTree | +-- ansi-styles@1.1.0
41 silly idealTree | +-- chalk@0.5.1
41 silly idealTree | +-- gulp-util@2.2.20
41 silly idealTree | +-- has-ansi@0.1.0
41 silly idealTree | +-- isarray@0.0.1
41 silly idealTree | +-- lodash._reinterpolate@2.4.1
41 silly idealTree | +-- lodash.escape@2.4.1
41 silly idealTree | +-- lodash.keys@2.4.1
41 silly idealTree | +-- lodash.template@2.4.1
41 silly idealTree | +-- lodash.templatesettings@2.4.1
41 silly idealTree | +-- minimist@0.2.0
41 silly idealTree | +-- readable-stream@1.0.34
41 silly idealTree | +-- strip-ansi@0.3.0
41 silly idealTree | +-- supports-color@0.2.0
41 silly idealTree | +-- through2@0.5.1
41 silly idealTree | +-- vinyl@0.2.3
41 silly idealTree | `-- xtend@3.0.0
41 silly idealTree +-- gulp@3.9.1
41 silly idealTree +-- gulplog@1.0.0
41 silly idealTree +-- har-validator@2.0.6
41 silly idealTree +-- has-ansi@2.0.0
41 silly idealTree +-- has-gulplog@0.1.0
41 silly idealTree +-- has@1.0.1
41 silly idealTree +-- hawk@3.1.3
41 silly idealTree +-- hoek@2.16.3
41 silly idealTree +-- hosted-git-info@2.1.5
41 silly idealTree +-- htmlparser2@3.9.1
41 silly idealTree +-- http-errors@1.5.0
41 silly idealTree +-- http-proxy-agent@1.0.0
41 silly idealTree +-- http-signature@1.1.1
41 silly idealTree +-- https-proxy-agent@1.0.0
41 silly idealTree +-- iconv-lite@0.4.4
41 silly idealTree +-- ignore-by-default@1.0.1
41 silly idealTree +-- imurmurhash@0.1.4
41 silly idealTree +-- indent-string@2.1.0
41 silly idealTree +-- infinity-agent@2.0.3
41 silly idealTree +-- inflight@1.0.5
41 silly idealTree +-- inherits@2.0.1
41 silly idealTree +-- ini@1.3.4
41 silly idealTree +-- interpret@1.0.1
41 silly idealTree +-- invariant@2.2.1
41 silly idealTree +-- ipaddr.js@1.1.1
41 silly idealTree +-- is-absolute@0.2.5
41 silly idealTree +-- is-arrayish@0.2.1
41 silly idealTree +-- is-binary-path@1.0.1
41 silly idealTree +-- is-buffer@1.1.3
41 silly idealTree +-- is-builtin-module@1.0.0
41 silly idealTree +-- is-dotfile@1.0.2
41 silly idealTree +-- is-equal-shallow@0.1.3
41 silly idealTree +-- is-extendable@0.1.1
41 silly idealTree +-- is-extglob@1.0.0
41 silly idealTree +-- is-finite@1.0.1
41 silly idealTree +-- is-fullwidth-code-point@1.0.0
41 silly idealTree +-- is-glob@2.0.1
41 silly idealTree +-- is-my-json-valid@2.13.1
41 silly idealTree +-- is-npm@1.0.0
41 silly idealTree +-- is-number@2.1.0
41 silly idealTree +-- is-obj@1.0.1
41 silly idealTree +-- is-plain-obj@1.1.0
41 silly idealTree +-- is-posix-bracket@0.1.1
41 silly idealTree +-- is-primitive@2.0.0
41 silly idealTree +-- is-property@1.0.2
41 silly idealTree +-- is-redirect@1.0.0
41 silly idealTree +-- is-relative@0.2.1
41 silly idealTree +-- is-retry-allowed@1.0.0
41 silly idealTree +-- is-stream@1.1.0
41 silly idealTree +-- is-typedarray@1.0.0
41 silly idealTree +-- is-unc-path@0.1.1
41 silly idealTree +-- is-utf8@0.2.1
41 silly idealTree +-- is-windows@0.1.1
41 silly idealTree +-- is@3.1.0
41 silly idealTree +-- isarray@1.0.0
41 silly idealTree +-- isexe@1.1.2
41 silly idealTree +-- isobject@2.1.0
41 silly idealTree +-- isstream@0.1.2
41 silly idealTree +-- jasmine-core@2.4.1
41 silly idealTree +-- jasmine@2.4.1
41 silly idealTree | +-- glob@3.2.11
41 silly idealTree | `-- minimatch@0.3.0
41 silly idealTree +-- jasminewd2@0.0.9
41 silly idealTree +-- jodid25519@1.0.2
41 silly idealTree +-- js-tokens@1.0.3
41 silly idealTree +-- jsbn@0.1.0
41 silly idealTree +-- json-schema@0.2.2
41 silly idealTree +-- json-stable-stringify@1.0.1
41 silly idealTree +-- json-stringify-safe@5.0.1
41 silly idealTree +-- jsonify@0.0.0
41 silly idealTree +-- jsonpointer@2.0.0
41 silly idealTree +-- jsprim@1.3.0
41 silly idealTree +-- kind-of@3.0.3
41 silly idealTree +-- latest-version@1.0.1
41 silly idealTree +-- lazy-req@1.1.0
41 silly idealTree +-- liftoff@2.2.4
41 silly idealTree +-- listify@1.0.0
41 silly idealTree +-- load-json-file@1.1.0
41 silly idealTree +-- lockfile@1.0.1
41 silly idealTree +-- lodash._baseassign@3.2.0
41 silly idealTree +-- lodash._basecopy@3.0.1
41 silly idealTree +-- lodash._basetostring@3.0.1
41 silly idealTree +-- lodash._basevalues@3.0.0
41 silly idealTree +-- lodash._bindcallback@3.0.1
41 silly idealTree +-- lodash._createassigner@3.1.1
41 silly idealTree +-- lodash._escapehtmlchar@2.4.1
41 silly idealTree +-- lodash._escapestringchar@2.4.1
41 silly idealTree +-- lodash._getnative@3.9.1
41 silly idealTree +-- lodash._htmlescapes@2.4.1
41 silly idealTree +-- lodash._isiterateecall@3.0.9
41 silly idealTree +-- lodash._isnative@2.4.1
41 silly idealTree +-- lodash._objecttypes@2.4.1
41 silly idealTree +-- lodash._reescape@3.0.0
41 silly idealTree +-- lodash._reevaluate@3.0.0
41 silly idealTree +-- lodash._reinterpolate@3.0.0
41 silly idealTree +-- lodash._reunescapedhtml@2.4.1
41 silly idealTree | `-- lodash.keys@2.4.1
41 silly idealTree +-- lodash._root@3.0.1
41 silly idealTree +-- lodash._shimkeys@2.4.1
41 silly idealTree +-- lodash.assign@3.2.0
41 silly idealTree +-- lodash.defaults@2.4.1
41 silly idealTree | `-- lodash.keys@2.4.1
41 silly idealTree +-- lodash.escape@3.2.0
41 silly idealTree +-- lodash.isarguments@3.0.8
41 silly idealTree +-- lodash.isarray@3.0.4
41 silly idealTree +-- lodash.isobject@2.4.1
41 silly idealTree +-- lodash.keys@3.1.2
41 silly idealTree +-- lodash.restparam@3.6.1
41 silly idealTree +-- lodash.template@3.6.2
41 silly idealTree +-- lodash.templatesettings@3.1.1
41 silly idealTree +-- lodash.values@2.4.1
41 silly idealTree | `-- lodash.keys@2.4.1
41 silly idealTree +-- lodash@4.13.1
41 silly idealTree +-- loose-envify@1.2.0
41 silly idealTree +-- loud-rejection@1.5.0
41 silly idealTree +-- lowercase-keys@1.0.0
41 silly idealTree +-- lru-cache@2.7.3
41 silly idealTree +-- make-error-cause@1.1.1
41 silly idealTree +-- make-error@1.1.1
41 silly idealTree +-- map-obj@1.0.1
41 silly idealTree +-- map-stream@0.1.0
41 silly idealTree +-- media-typer@0.3.0
41 silly idealTree +-- meow@3.7.0
41 silly idealTree | `-- object-assign@4.1.0
41 silly idealTree +-- merge-descriptors@1.0.1
41 silly idealTree +-- merge-stream@0.1.8
41 silly idealTree | +-- isarray@0.0.1
41 silly idealTree | +-- readable-stream@1.0.34
41 silly idealTree | `-- through2@0.6.5
41 silly idealTree +-- methods@1.1.2
41 silly idealTree +-- micromatch@2.3.10
41 silly idealTree +-- mime-db@1.23.0
41 silly idealTree +-- mime-types@2.1.11
41 silly idealTree +-- mime@1.3.4
41 silly idealTree +-- minimatch@3.0.2
41 silly idealTree +-- minimist@1.2.0
41 silly idealTree +-- mkdirp@0.5.1
41 silly idealTree | `-- minimist@0.0.8
41 silly idealTree +-- moment@2.13.0
41 silly idealTree +-- ms@0.7.1
41 silly idealTree +-- multipipe@0.1.2
41 silly idealTree +-- negotiator@0.6.1
41 silly idealTree +-- nested-error-stacks@1.0.2
41 silly idealTree +-- node-status-codes@1.0.0
41 silly idealTree +-- node-uuid@1.4.7
41 silly idealTree +-- node.extend@1.1.5
41 silly idealTree +-- nodemon@1.9.2
41 silly idealTree | `-- lodash.defaults@3.1.2
41 silly idealTree +-- nopt@1.0.10
41 silly idealTree +-- normalize-package-data@2.3.5
41 silly idealTree +-- normalize-path@2.0.1
41 silly idealTree +-- number-is-nan@1.0.0
41 silly idealTree +-- oauth-sign@0.8.2
41 silly idealTree +-- object-assign@3.0.0
41 silly idealTree +-- object.omit@2.0.0
41 silly idealTree +-- object.pick@1.1.2
41 silly idealTree +-- on-finished@2.3.0
41 silly idealTree +-- once@1.3.3
41 silly idealTree +-- open@0.0.5
41 silly idealTree +-- optimist@0.6.1
41 silly idealTree | `-- minimist@0.0.10
41 silly idealTree +-- options@0.0.6
41 silly idealTree +-- orchestrator@0.3.7
41 silly idealTree +-- ordered-read-streams@0.1.0
41 silly idealTree +-- os-homedir@1.0.1
41 silly idealTree +-- os-tmpdir@1.0.1
41 silly idealTree +-- osenv@0.1.3
41 silly idealTree +-- package-json@1.2.0
41 silly idealTree +-- parse-glob@3.0.4
41 silly idealTree +-- parse-json@2.2.0
41 silly idealTree +-- parseurl@1.3.1
41 silly idealTree +-- path-exists@2.1.0
41 silly idealTree +-- path-is-absolute@1.0.0
41 silly idealTree +-- path-to-regexp@0.1.7
41 silly idealTree +-- path-type@1.1.0
41 silly idealTree +-- pause-stream@0.0.11
41 silly idealTree +-- pify@2.3.0
41 silly idealTree +-- pinkie-promise@2.0.1
41 silly idealTree +-- pinkie@2.0.4
41 silly idealTree +-- popsicle-proxy-agent@2.0.2
41 silly idealTree +-- popsicle-retry@3.2.1
41 silly idealTree +-- popsicle-status@2.0.0
41 silly idealTree +-- popsicle@6.2.1
41 silly idealTree | +-- async@0.9.2
41 silly idealTree | +-- combined-stream@0.0.7
41 silly idealTree | +-- delayed-stream@0.0.5
41 silly idealTree | +-- form-data@0.2.0
41 silly idealTree | +-- mime-db@1.12.0
41 silly idealTree | `-- mime-types@2.0.14
41 silly idealTree +-- prepend-http@1.0.4
41 silly idealTree +-- preserve@0.2.0
41 silly idealTree +-- pretty-hrtime@1.0.2
41 silly idealTree +-- process-nextick-args@1.0.7
41 silly idealTree +-- promise-finally@2.2.1
41 silly idealTree +-- promise@7.1.1
41 silly idealTree +-- protractor@3.3.0
41 silly idealTree | +-- bl@1.0.3
41 silly idealTree | +-- glob@6.0.4
41 silly idealTree | +-- qs@5.2.0
41 silly idealTree | +-- readable-stream@2.0.6
41 silly idealTree | +-- request@2.67.0
41 silly idealTree | `-- source-map-support@0.4.1
41 silly idealTree +-- proxy-addr@1.1.2
41 silly idealTree +-- proxy-middleware@0.5.1
41 silly idealTree +-- ps-tree@1.1.0
41 silly idealTree +-- q@1.4.1
41 silly idealTree +-- qs@6.2.0
41 silly idealTree +-- randomatic@1.1.5
41 silly idealTree +-- range-parser@1.2.0
41 silly idealTree +-- raw-body@1.3.0
41 silly idealTree +-- rc@1.1.6
41 silly idealTree +-- read-all-stream@3.1.0
41 silly idealTree +-- read-pkg-up@1.0.1
41 silly idealTree +-- read-pkg@1.1.0
41 silly idealTree +-- readable-stream@2.1.4
41 silly idealTree +-- readdirp@2.1.0
41 silly idealTree +-- rechoir@0.6.2
41 silly idealTree +-- redent@1.0.0
41 silly idealTree +-- reflect-metadata@0.1.3
41 silly idealTree +-- regex-cache@0.4.3
41 silly idealTree +-- registry-url@3.1.0
41 silly idealTree +-- repeat-element@1.1.2
41 silly idealTree +-- repeat-string@1.5.4
41 silly idealTree +-- repeating@2.0.1
41 silly idealTree +-- replace-ext@0.0.1
41 silly idealTree +-- request@2.72.0
41 silly idealTree | `-- qs@6.1.0
41 silly idealTree +-- resolve@1.1.7
41 silly idealTree +-- rimraf@2.5.2
41 silly idealTree | `-- glob@7.0.5
41 silly idealTree +-- rsvp@3.2.1
41 silly idealTree +-- rx@2.3.24
41 silly idealTree +-- rxjs@5.0.0-beta.6
41 silly idealTree +-- saucelabs@1.0.1
41 silly idealTree +-- sax@1.2.1
41 silly idealTree +-- selenium-webdriver@2.52.0
41 silly idealTree | +-- adm-zip@0.4.4
41 silly idealTree | +-- sax@0.6.1
41 silly idealTree | `-- xml2js@0.4.4
41 silly idealTree +-- semver-diff@2.1.0
41 silly idealTree | `-- semver@5.2.0
41 silly idealTree +-- semver@4.3.6
41 silly idealTree +-- send@0.14.1
41 silly idealTree +-- sequencify@0.0.7
41 silly idealTree +-- serve-index@1.8.0
41 silly idealTree +-- serve-static@1.11.1
41 silly idealTree +-- set-immediate-shim@1.0.1
41 silly idealTree +-- setprototypeof@1.0.1
41 silly idealTree +-- sigmund@1.0.1
41 silly idealTree +-- signal-exit@3.0.0
41 silly idealTree +-- slide@1.1.6
41 silly idealTree +-- sntp@1.0.9
41 silly idealTree +-- sort-keys@1.1.2
41 silly idealTree +-- source-map-support@0.2.10
41 silly idealTree +-- source-map@0.1.32
41 silly idealTree +-- sparkles@1.0.0
41 silly idealTree +-- spdx-correct@1.0.2
41 silly idealTree +-- spdx-exceptions@1.0.4
41 silly idealTree +-- spdx-expression-parse@1.0.2
41 silly idealTree +-- spdx-license-ids@1.2.1
41 silly idealTree +-- split@0.3.3
41 silly idealTree +-- sprintf-js@1.0.3
41 silly idealTree +-- sshpk@1.8.3
41 silly idealTree | `-- assert-plus@1.0.0
41 silly idealTree +-- statuses@1.3.0
41 silly idealTree +-- stream-combiner@0.0.4
41 silly idealTree +-- stream-consume@0.1.0
41 silly idealTree +-- string_decoder@0.10.31
41 silly idealTree +-- string-length@1.0.1
41 silly idealTree +-- string-template@1.0.0
41 silly idealTree +-- string-width@1.0.1
41 silly idealTree +-- stringstream@0.0.5
41 silly idealTree +-- strip-ansi@3.0.1
41 silly idealTree +-- strip-bom@2.0.0
41 silly idealTree +-- strip-indent@1.0.1
41 silly idealTree +-- strip-json-comments@1.0.4
41 silly idealTree +-- supports-color@2.0.0
41 silly idealTree +-- systemjs@0.19.31
41 silly idealTree +-- temp@0.8.3
41 silly idealTree | `-- rimraf@2.2.8
41 silly idealTree +-- thenify@3.2.0
41 silly idealTree +-- throat@3.0.0
41 silly idealTree +-- through@2.3.8
41 silly idealTree +-- through2-filter@2.0.0
41 silly idealTree +-- through2@2.0.1
41 silly idealTree | `-- readable-stream@2.0.6
41 silly idealTree +-- throwback@1.1.1
41 silly idealTree +-- tildify@1.2.0
41 silly idealTree +-- time-stamp@1.0.1
41 silly idealTree +-- timed-out@2.0.0
41 silly idealTree +-- tiny-lr@0.1.4
41 silly idealTree | +-- debug@0.8.1
41 silly idealTree | `-- qs@2.2.5
41 silly idealTree +-- tmp@0.0.24
41 silly idealTree +-- touch@1.0.0
41 silly idealTree +-- tough-cookie@2.2.2
41 silly idealTree +-- traceur@0.0.111
41 silly idealTree +-- trim-newlines@1.0.0
41 silly idealTree +-- tslint@3.12.1
41 silly idealTree | `-- glob@7.0.5
41 silly idealTree +-- tunnel-agent@0.4.3
41 silly idealTree +-- tweetnacl@0.13.3
41 silly idealTree +-- type-is@1.6.13
41 silly idealTree +-- typedarray@0.0.6
41 silly idealTree +-- typescript@1.8.10
41 silly idealTree +-- typings-core@1.3.0
41 silly idealTree | +-- configstore@2.0.0
41 silly idealTree | +-- object-assign@4.1.0
41 silly idealTree | `-- typescript@1.8.7
41 silly idealTree +-- typings@1.3.1
41 silly idealTree | +-- bluebird@3.4.1
41 silly idealTree | +-- configstore@2.0.0
41 silly idealTree | +-- duplexer2@0.1.4
41 silly idealTree | +-- got@5.6.0
41 silly idealTree | +-- latest-version@2.0.0
41 silly idealTree | +-- object-assign@4.1.0
41 silly idealTree | +-- package-json@2.3.2
41 silly idealTree | +-- semver@5.2.0
41 silly idealTree | +-- update-notifier@1.0.2
41 silly idealTree | `-- wordwrap@1.0.0
41 silly idealTree +-- ultron@1.0.2
41 silly idealTree +-- unc-path-regex@0.1.2
41 silly idealTree +-- undefsafe@0.0.3
41 silly idealTree +-- underscore.string@3.3.4
41 silly idealTree +-- unique-stream@1.0.0
41 silly idealTree +-- unpipe@1.0.0
41 silly idealTree +-- unzip-response@1.0.0
41 silly idealTree +-- update-notifier@0.5.0
41 silly idealTree | `-- repeating@1.1.3
41 silly idealTree +-- url-parse-lax@1.0.0
41 silly idealTree +-- user-home@1.1.1
41 silly idealTree +-- util-deprecate@1.0.2
41 silly idealTree +-- utils-merge@1.0.0
41 silly idealTree +-- uuid@2.0.2
41 silly idealTree +-- v8flags@2.0.11
41 silly idealTree +-- validate-npm-package-license@3.0.1
41 silly idealTree +-- vary@1.1.0
41 silly idealTree +-- verror@1.3.6
41 silly idealTree +-- vinyl-fs@0.3.14
41 silly idealTree | +-- clone@0.2.0
41 silly idealTree | +-- graceful-fs@3.0.8
41 silly idealTree | +-- isarray@0.0.1
41 silly idealTree | +-- readable-stream@1.0.34
41 silly idealTree | +-- strip-bom@1.0.0
41 silly idealTree | +-- through2@0.6.5
41 silly idealTree | `-- vinyl@0.4.6
41 silly idealTree +-- vinyl-sourcemaps-apply@0.2.1
41 silly idealTree | `-- source-map@0.5.6
41 silly idealTree +-- vinyl@0.5.3
41 silly idealTree +-- watch@0.11.0
41 silly idealTree +-- wcwidth@1.0.1
41 silly idealTree +-- websocket-driver@0.6.5
41 silly idealTree +-- websocket-extensions@0.1.1
41 silly idealTree +-- when@3.7.7
41 silly idealTree +-- which@1.2.10
41 silly idealTree +-- widest-line@1.0.0
41 silly idealTree +-- wordwrap@0.0.3
41 silly idealTree +-- wrappy@1.0.2
41 silly idealTree +-- write-file-atomic@1.1.4
41 silly idealTree +-- ws@1.1.1
41 silly idealTree +-- xdg-basedir@2.0.0
41 silly idealTree +-- xml2js@0.4.16
41 silly idealTree +-- xmlbuilder@4.2.1
41 silly idealTree +-- xtend@4.0.1
41 silly idealTree +-- zip-object@0.1.0
41 silly idealTree `-- zone.js@0.6.12
42 silly generateActionsToTake Starting
43 silly install generateActionsToTake
44 silly generateActionsToTake Finishing
45 silly diffTrees action count 0
46 silly decomposeActions action count 0
47 silly executeActions Starting
48 silly install executeActions
49 silly doSerial global-install 0
50 silly doParallel fetch 0
51 verbose correctMkdir C:\Users\sameer.alibhai\AppData\Roaming\npm-cache\_locks correctMkdir not in flight; initializing
52 verbose lock using C:\Users\sameer.alibhai\AppData\Roaming\npm-cache\_locks\staging-c27399c2b793021f.lock for Y:\node_modules\.staging
53 silly doParallel extract 0
54 silly doParallel preinstall 0
55 silly doReverseSerial remove 0
56 silly doSerial move 0
57 silly doSerial finalize 0
58 silly doSerial build 0
59 silly doSerial global-link 0
60 silly doParallel update-linked 0
61 silly doSerial install 0
62 silly doSerial postinstall 0
63 verbose unlock done using C:\Users\sameer.alibhai\AppData\Roaming\npm-cache\_locks\staging-c27399c2b793021f.lock for Y:\node_modules\.staging
64 silly executeActions Finishing
65 silly rollbackFailedOptional Starting
66 silly rollbackFailedOptional Finishing
67 silly runTopLevelLifecycles Starting
68 silly install runTopLevelLifecycles
69 silly preinstall angular-news-app@1.0.0 Y:\angular-news-app-e17a8af9
70 info lifecycle angular-news-app@1.0.0~preinstall: angular-news-app@1.0.0
71 verbose lifecycle angular-news-app@1.0.0~preinstall: unsafe-perm in lifecycle true
72 verbose lifecycle angular-news-app@1.0.0~preinstall: PATH: C:\Users\sameer.alibhai\AppData\Roaming\npm\node_modules\npm\bin\node-gyp-bin;Y:\node_modules\.bin;C:\Program Files\nodejs;C:\Program Files\ConEmu\ConEmu\Scripts;C:\Program Files\ConEmu;C:\Program Files\ConEmu\ConEmu;C:\windows\system32;C:\windows;C:\windows\System32\Wbem;C:\windows\System32\WindowsPowerShell\v1.0\;C:\windows\system32\config\systemprofile\.dnx\bin;C:\Program Files\Microsoft DNX\Dnvm\;C:\Program Files\Microsoft SQL Server\120\Tools\Binn\;C:\Program Files\Microsoft SQL Server\130\Tools\Binn\;C:\Program Files\Microsoft SQL Server\Client SDK\ODBC\110\Tools\Binn\;C:\Program Files (x86)\Microsoft SQL Server\120\Tools\Binn\;C:\Program Files\Microsoft SQL Server\120\DTS\Binn\;C:\Program Files (x86)\Microsoft SQL Server\120\Tools\Binn\ManagementStudio\;C:\Program Files (x86)\Microsoft SQL Server\120\DTS\Binn\;C:\Program Files\Git\cmd;C:\Program Files\nodejs\;C:\Users\sameer.alibhai\AppData\Roaming\npm
73 verbose lifecycle angular-news-app@1.0.0~preinstall: CWD: Y:\
74 silly lifecycle angular-news-app@1.0.0~preinstall: Args: [ '/d /s /c', 'npm i rxjs@5.0.0-beta.6' ]
75 silly lifecycle angular-news-app@1.0.0~preinstall: Returned: code: 4294963248  signal: null
76 info lifecycle angular-news-app@1.0.0~preinstall: Failed to exec preinstall script
77 warn optional Skipping failed optional dependency /chokidar/fsevents:
78 warn notsup Not compatible with your operating system or architecture: fsevents@1.0.12
79 verbose stack Error: angular-news-app@1.0.0 preinstall: `npm i rxjs@5.0.0-beta.6`
79 verbose stack Exit status 4294963248
79 verbose stack     at EventEmitter.<anonymous> (C:\Users\sameer.alibhai\AppData\Roaming\npm\node_modules\npm\lib\utils\lifecycle.js:242:16)
79 verbose stack     at emitTwo (events.js:87:13)
79 verbose stack     at EventEmitter.emit (events.js:172:7)
79 verbose stack     at ChildProcess.<anonymous> (C:\Users\sameer.alibhai\AppData\Roaming\npm\node_modules\npm\lib\utils\spawn.js:40:14)
79 verbose stack     at emitTwo (events.js:87:13)
79 verbose stack     at ChildProcess.emit (events.js:172:7)
79 verbose stack     at maybeClose (internal/child_process.js:827:16)
79 verbose stack     at Process.ChildProcess._handle.onexit (internal/child_process.js:211:5)
80 verbose pkgid angular-news-app@1.0.0
81 verbose cwd Y:\
82 error Windows_NT 10.0.10240
83 error argv "C:\\Program Files\\nodejs\\node.exe" "C:\\Users\\sameer.alibhai\\AppData\\Roaming\\npm\\node_modules\\npm\\bin\\npm-cli.js" "install"
84 error node v4.4.7
85 error npm  v3.10.2
86 error code ELIFECYCLE
87 error angular-news-app@1.0.0 preinstall: `npm i rxjs@5.0.0-beta.6`
87 error Exit status 4294963248
88 error Failed at the angular-news-app@1.0.0 preinstall script 'npm i rxjs@5.0.0-beta.6'.
88 error Make sure you have the latest version of node.js and npm installed.
88 error If you do, this is most likely a problem with the angular-news-app package,
88 error not with npm itself.
88 error Tell the author that this fails on your system:
88 error     npm i rxjs@5.0.0-beta.6
88 error You can get information on how to open an issue for this project with:
88 error     npm bugs angular-news-app
88 error Or if that isn't available, you can get their info via:
88 error     npm owner ls angular-news-app
88 error There is likely additional logging output above.
89 verbose exit [ 1, true ]
